Build started 14/02/2016 16:57:40.
     1>Project "C:\Users\Matthew\Documents\Visual Studio 2013\Projects\GreekVocab\GreekVocab\GreekVocab.vcxproj" on node 2 (Build target(s)).
     1>ClCompile:
         C:\Program Files (x86)\Microsoft Visual Studio 12.0\VC\bin\CL.exe /c /I"C:\Program Files (x86)\Visual Leak Detector\include" /ZI /nologo /W3 /WX- /sdl /Od /Oy- /D WIN32 /D _WINDOWS /D _DEBUG /D _UNICODE /D UNICODE /D _AFXDLL /Gm /EHsc /RTC1 /MDd /GS /fp:precise /Zc:wchar_t /Zc:forScope /Yu"stdafx.h" /Fp"Debug\GreekVocab.pch" /Fo"Debug\\" /Fd"Debug\vc120.pdb" /Gd /TP /analyze- /errorReport:prompt GreekVocabException.cpp GreekVocabView.cpp VerbEntryTestDlg.cpp
         VerbEntryTestDlg.cpp
         GreekVocabException.cpp
         Generating Code...
         Skipping... (no relevant changes detected)
         GreekVocabView.cpp
       Link:
         C:\Program Files (x86)\Microsoft Visual Studio 12.0\VC\bin\link.exe /ERRORREPORT:PROMPT /OUT:"C:\Users\Matthew\Documents\Visual Studio 2013\Projects\GreekVocab\Debug\GreekVocab.exe" /INCREMENTAL /NOLOGO /LIBPATH:"C:\Program Files (x86)\Visual Leak Detector\lib\Win32" /MANIFEST /MANIFESTUAC:"level='asInvoker' uiAccess='false'" /manifest:embed /manifestinput:"C:\Program Files (x86)\Microsoft Visual Studio 12.0\VC\Include\Manifest\dpiaware.manifest" /DEBUG /PDB:"C:\Users\Matthew\Documents\Visual Studio 2013\Projects\GreekVocab\Debug\GreekVocab.pdb" /SUBSYSTEM:WINDOWS /TLBID:1 /ENTRY:"wWinMainCRTStartup" /DYNAMICBASE /NXCOMPAT /IMPLIB:"C:\Users\Matthew\Documents\Visual Studio 2013\Projects\GreekVocab\Debug\GreekVocab.lib" /MACHINE:X86 Debug\GreekVocab.res
         Debug\AdjectiveDlg.obj
         Debug\Declension.obj
         Debug\FileSelectDlg.obj
         Debug\Verb.obj
         Debug\VerbDlg.obj
         Debug\NounDlg.obj
         Debug\NounEntryTestDlg.obj
         Debug\NounNamesDlg.obj
         Debug\EnterDlg.obj
         Debug\FileNamesDlg.obj
         Debug\GreekEdit.obj
         Debug\GreekVocab.obj
         Debug\GreekVocabDoc.obj
         Debug\GreekVocabException.obj
         Debug\GreekVocabView.obj
         Debug\HoverTest.obj
         Debug\MainFrm.obj
         Debug\MDLListBox.obj
         Debug\ScrollListBox.obj
         Debug\stdafx.obj
         Debug\EntryTestDlg.obj
         Debug\util.obj
         Debug\VerbEntryTestDlg.obj
         Debug\VerbNamesDlg.obj
         GreekVocab.vcxproj -> C:\Users\Matthew\Documents\Visual Studio 2013\Projects\GreekVocab\Debug\GreekVocab.exe
     1>Done Building Project "C:\Users\Matthew\Documents\Visual Studio 2013\Projects\GreekVocab\GreekVocab\GreekVocab.vcxproj" (Build target(s)).

Build succeeded.

Time Elapsed 00:00:16.60
