d:\projects\cpp\greekstudy\greekvocab\debug\greekvocab.pch
d:\projects\cpp\greekstudy\greekvocab\debug\vc142.pdb
d:\projects\cpp\greekstudy\greekvocab\debug\vc142.idb
d:\projects\cpp\greekstudy\greekvocab\debug\stdafx.obj
d:\projects\cpp\greekstudy\greekvocab\debug\entrytestdlg.obj
d:\projects\cpp\greekstudy\greekvocab\debug\scrolllistbox.obj
d:\projects\cpp\greekstudy\greekvocab\debug\mdllistbox.obj
d:\projects\cpp\greekstudy\greekvocab\debug\mainfrm.obj
d:\projects\cpp\greekstudy\greekvocab\debug\hovertest.obj
d:\projects\cpp\greekstudy\greekvocab\debug\greekvocabview.obj
d:\projects\cpp\greekstudy\greekvocab\debug\greekvocabexception.obj
d:\projects\cpp\greekstudy\greekvocab\debug\greekvocabdoc.obj
d:\projects\cpp\greekstudy\greekvocab\debug\greekvocab.obj
d:\projects\cpp\greekstudy\greekvocab\debug\greekedit.obj
d:\projects\cpp\greekstudy\greekvocab\debug\filenamesdlg.obj
d:\projects\cpp\greekstudy\greekvocab\debug\enterdlg.obj
d:\projects\cpp\greekstudy\greekvocab\debug\nounnamesdlg.obj
d:\projects\cpp\greekstudy\greekvocab\debug\nounentrytestdlg.obj
d:\projects\cpp\greekstudy\greekvocab\debug\noundlg.obj
d:\projects\cpp\greekstudy\greekvocab\debug\verbdlg.obj
d:\projects\cpp\greekstudy\greekvocab\debug\verb.obj
d:\projects\cpp\greekstudy\greekvocab\debug\fileselectdlg.obj
d:\projects\cpp\greekstudy\greekvocab\debug\declension.obj
d:\projects\cpp\greekstudy\greekvocab\debug\adjectivedlg.obj
d:\projects\cpp\greekstudy\greekvocab\debug\verbnamesdlg.obj
d:\projects\cpp\greekstudy\greekvocab\debug\verbentrytestdlg.obj
d:\projects\cpp\greekstudy\greekvocab\debug\util.obj
d:\projects\cpp\greekstudy\greekvocab\debug\greekvocab.res
d:\projects\cpp\greekstudy\debug\greekvocab.exe
d:\projects\cpp\greekstudy\greekvocab\debug\greekvocab.ilk
d:\projects\cpp\greekstudy\debug\greekvocab.pdb
d:\projects\cpp\greekstudy\greekvocab\debug\greekvocab.tlog\cl.read.1.tlog
d:\projects\cpp\greekstudy\greekvocab\debug\greekvocab.tlog\cl.write.1.tlog
d:\projects\cpp\greekstudy\greekvocab\debug\greekvocab.tlog\cl.command.1.tlog
d:\projects\cpp\greekstudy\greekvocab\debug\greekvocab.tlog\rc.read.1.tlog
d:\projects\cpp\greekstudy\greekvocab\debug\greekvocab.tlog\rc.write.1.tlog
d:\projects\cpp\greekstudy\greekvocab\debug\greekvocab.tlog\rc.command.1.tlog
d:\projects\cpp\greekstudy\greekvocab\debug\greekvocab.tlog\link.read.1.tlog
d:\projects\cpp\greekstudy\greekvocab\debug\greekvocab.tlog\link.write.1.tlog
d:\projects\cpp\greekstudy\greekvocab\debug\greekvocab.tlog\link.command.1.tlog
