c:\users\matthew\documents\visual studio 2013\projects\greekvocab\greekvocab\release\greekvocab.pch
c:\users\matthew\documents\visual studio 2013\projects\greekvocab\greekvocab\release\vc120.pdb
c:\users\matthew\documents\visual studio 2013\projects\greekvocab\greekvocab\release\stdafx.obj
c:\users\matthew\documents\visual studio 2013\projects\greekvocab\greekvocab\release\util.obj
c:\users\matthew\documents\visual studio 2013\projects\greekvocab\greekvocab\release\entrytestdlg.obj
c:\users\matthew\documents\visual studio 2013\projects\greekvocab\greekvocab\release\scrolllistbox.obj
c:\users\matthew\documents\visual studio 2013\projects\greekvocab\greekvocab\release\scrolledit.obj
c:\users\matthew\documents\visual studio 2013\projects\greekvocab\greekvocab\release\mdllistbox.obj
c:\users\matthew\documents\visual studio 2013\projects\greekvocab\greekvocab\release\mainfrm.obj
c:\users\matthew\documents\visual studio 2013\projects\greekvocab\greekvocab\release\hovertest.obj
c:\users\matthew\documents\visual studio 2013\projects\greekvocab\greekvocab\release\greekvocabview.obj
c:\users\matthew\documents\visual studio 2013\projects\greekvocab\greekvocab\release\greekvocabexception.obj
c:\users\matthew\documents\visual studio 2013\projects\greekvocab\greekvocab\release\greekvocabdoc.obj
c:\users\matthew\documents\visual studio 2013\projects\greekvocab\greekvocab\release\greekvocab.obj
c:\users\matthew\documents\visual studio 2013\projects\greekvocab\greekvocab\release\greekedit.obj
c:\users\matthew\documents\visual studio 2013\projects\greekvocab\greekvocab\release\filenamesdlg.obj
c:\users\matthew\documents\visual studio 2013\projects\greekvocab\greekvocab\release\enterdlg.obj
c:\users\matthew\documents\visual studio 2013\projects\greekvocab\greekvocab\release\nounnamesdlg.obj
c:\users\matthew\documents\visual studio 2013\projects\greekvocab\greekvocab\release\nounentrytestdlg.obj
c:\users\matthew\documents\visual studio 2013\projects\greekvocab\greekvocab\release\noundlg.obj
c:\users\matthew\documents\visual studio 2013\projects\greekvocab\greekvocab\release\verbdlg.obj
c:\users\matthew\documents\visual studio 2013\projects\greekvocab\greekvocab\release\declension.obj
c:\users\matthew\documents\visual studio 2013\projects\greekvocab\greekvocab\release\adjectivedlg.obj
c:\users\matthew\documents\visual studio 2013\projects\greekvocab\greekvocab\release\verbsheetdlg.obj
c:\users\matthew\documents\visual studio 2013\projects\greekvocab\greekvocab\release\verb.obj
c:\users\matthew\documents\visual studio 2013\projects\greekvocab\release\greekvocab.exe
c:\users\matthew\documents\visual studio 2013\projects\greekvocab\release\greekvocab.pdb
c:\users\matthew\documents\visual studio 2013\projects\greekvocab\greekvocab\release\greekvocab.res
c:\users\matthew\documents\visual studio 2013\projects\greekvocab\greekvocab\release\greekvocab.tlog\cl.command.1.tlog
c:\users\matthew\documents\visual studio 2013\projects\greekvocab\greekvocab\release\greekvocab.tlog\cl.read.1.tlog
c:\users\matthew\documents\visual studio 2013\projects\greekvocab\greekvocab\release\greekvocab.tlog\cl.write.1.tlog
c:\users\matthew\documents\visual studio 2013\projects\greekvocab\greekvocab\release\greekvocab.tlog\link.command.1.tlog
c:\users\matthew\documents\visual studio 2013\projects\greekvocab\greekvocab\release\greekvocab.tlog\link.read.1.tlog
c:\users\matthew\documents\visual studio 2013\projects\greekvocab\greekvocab\release\greekvocab.tlog\link.write.1.tlog
c:\users\matthew\documents\visual studio 2013\projects\greekvocab\greekvocab\release\greekvocab.tlog\rc.command.1.tlog
c:\users\matthew\documents\visual studio 2013\projects\greekvocab\greekvocab\release\greekvocab.tlog\rc.read.1.tlog
c:\users\matthew\documents\visual studio 2013\projects\greekvocab\greekvocab\release\greekvocab.tlog\rc.write.1.tlog
